<?xml version="1.0" encoding="UTF-8"?>
<testng-results skipped="0" failed="0" total="1" passed="1">
  <reporter-output>
  </reporter-output>
  <suite name="Suite" duration-ms="40859" started-at="2016-07-18T11:26:56Z" finished-at="2016-07-18T11:27:37Z">
    <groups>
    </groups>
    <test name="trail test" duration-ms="40859" started-at="2016-07-18T11:26:56Z" finished-at="2016-07-18T11:27:37Z">
      <class name="com.POM.test.SAccountingTest">
        <test-method status="PASS" signature="excecution()[pri:0, instance:com.POM.test.SAccountingTest@3b180cbd]" name="excecution" duration-ms="40805" started-at="2016-07-18T16:56:56Z" finished-at="2016-07-18T16:57:37Z">
          <reporter-output>
          </reporter-output>
        </test-method> <!-- excecution -->
      </class> <!-- com.POM.test.SAccountingTest -->
    </test> <!-- trail test -->
  </suite> <!-- Suite -->
</testng-results>
